This file contains any messages produced by compilers while
running configure, to aid debugging if configure makes a mistake.

It was created by configure, which was
generated by GNU Autoconf 2.57.  Invocation command line was

  $ ./configure 

## --------- ##
## Platform. ##
## --------- ##

hostname = gfs-s1.localdomain
uname -m = x86_64
uname -r = 2.6.32-debug
uname -s = Linux
uname -v = #1 SMP Fri Jan 9 14:54:35 CST 2015

/usr/bin/uname -p = unknown
/bin/uname -X     = unknown

/bin/arch              = x86_64
/usr/bin/arch -k       = unknown
/usr/convex/getsysinfo = unknown
hostinfo               = unknown
/bin/machine           = unknown
/usr/bin/oslevel       = unknown
/bin/universe          = unknown

PATH: /usr/lib64/qt-3.3/bin
PATH: /usr/local/sbin
PATH: /usr/sbin
PATH: /sbin
PATH: /usr/local/bin
PATH: /usr/bin
PATH: /bin
PATH: /usr/local/git/bin
PATH: /usr/local/sbin/
PATH: /usr/local/git/bin
PATH: /usr/local/sbin/


## ----------- ##
## Core tests. ##
## ----------- ##

configure:1503: checking for a BSD-compatible install
configure:1557: result: /usr/bin/install -c
configure:1568: checking whether build environment is sane
configure:1611: result: yes
configure:1636: WARNING: `missing' script is too old or missing
configure:1644: checking for gawk
configure:1660: found /usr/bin/gawk
configure:1670: result: gawk
configure:1680: checking whether make sets $(MAKE)
configure:1700: result: yes
configure:1948: checking build system type
configure:1966: result: x86_64-unknown-linux-gnu
configure:1974: checking host system type
configure:1988: result: x86_64-unknown-linux-gnu
configure:2008: checking for style of include used by make
configure:2036: result: GNU
configure:2107: checking for gcc
configure:2123: found /usr/bin/gcc
configure:2133: result: gcc
configure:2377: checking for C compiler version
configure:2380: gcc --version </dev/null >&5
gcc (GCC) 4.4.7 20120313 (Red Hat 4.4.7-4)
Copyright (C) 2010 Free Software Foundation, Inc.
This is free software; see the source for copying conditions.  There is NO
warranty; not even for MERCHANTABILITY or FITNESS FOR A PARTICULAR PURPOSE.

configure:2383: $? = 0
configure:2385: gcc -v </dev/null >&5
Using built-in specs.
Target: x86_64-redhat-linux
Configured with: ../configure --prefix=/usr --mandir=/usr/share/man --infodir=/usr/share/info --with-bugurl=http://bugzilla.redhat.com/bugzilla --enable-bootstrap --enable-shared --enable-threads=posix --enable-checking=release --with-system-zlib --enable-__cxa_atexit --disable-libunwind-exceptions --enable-gnu-unique-object --enable-languages=c,c++,objc,obj-c++,java,fortran,ada --enable-java-awt=gtk --disable-dssi --with-java-home=/usr/lib/jvm/java-1.5.0-gcj-1.5.0.0/jre --enable-libgcj-multifile --enable-java-maintainer-mode --with-ecj-jar=/usr/share/java/eclipse-ecj.jar --disable-libjava-multilib --with-ppl --with-cloog --with-tune=generic --with-arch_32=i686 --build=x86_64-redhat-linux
Thread model: posix
gcc version 4.4.7 20120313 (Red Hat 4.4.7-4) (GCC) 
configure:2388: $? = 0
configure:2390: gcc -V </dev/null >&5
gcc: '-V' option must have argument
configure:2393: $? = 1
configure:2417: checking for C compiler default output
configure:2420: gcc    conftest.c  >&5
configure:2423: $? = 0
configure:2469: result: a.out
configure:2474: checking whether the C compiler works
configure:2480: ./a.out
configure:2483: $? = 0
configure:2500: result: yes
configure:2507: checking whether we are cross compiling
configure:2509: result: no
configure:2512: checking for suffix of executables
configure:2514: gcc -o conftest    conftest.c  >&5
configure:2517: $? = 0
configure:2542: result: 
configure:2548: checking for suffix of object files
configure:2570: gcc -c   conftest.c >&5
configure:2573: $? = 0
configure:2595: result: o
configure:2599: checking whether we are using the GNU C compiler
configure:2624: gcc -c   conftest.c >&5
configure:2627: $? = 0
configure:2630: test -s conftest.o
configure:2633: $? = 0
configure:2646: result: yes
configure:2652: checking whether gcc accepts -g
configure:2674: gcc -c -g  conftest.c >&5
configure:2677: $? = 0
configure:2680: test -s conftest.o
configure:2683: $? = 0
configure:2694: result: yes
configure:2711: checking for gcc option to accept ANSI C
configure:2772: gcc  -c -g -O2  conftest.c >&5
configure:2775: $? = 0
configure:2778: test -s conftest.o
configure:2781: $? = 0
configure:2799: result: none needed
configure:2817: gcc -c -g -O2  conftest.c >&5
conftest.c:2: error: expected '=', ',', ';', 'asm' or '__attribute__' before 'me'
configure:2820: $? = 1
configure: failed program was:
| #ifndef __cplusplus
|   choke me
| #endif
configure:2931: checking dependency style of gcc
configure:3014: result: gcc3
configure:3031: checking for a sed that does not truncate output
configure:3085: result: /bin/sed
configure:3088: checking for egrep
configure:3098: result: grep -E
configure:3114: checking for ld used by gcc
configure:3181: result: /usr/bin/ld
configure:3190: checking if the linker (/usr/bin/ld) is GNU ld
configure:3205: result: yes
configure:3210: checking for /usr/bin/ld option to reload object files
configure:3217: result: -r
configure:3226: checking for BSD-compatible nm
configure:3268: result: /usr/bin/nm -B
configure:3272: checking whether ln -s works
configure:3276: result: yes
configure:3283: checking how to recognise dependent libraries
configure:3483: result: file_magic ELF [0-9][0-9]*-bit [LM]SB (shared object|dynamic lib )
configure:3568: gcc -c -g -O2  conftest.c >&5
configure:3571: $? = 0
configure:3687: checking how to run the C preprocessor
configure:3723: gcc -E  conftest.c
configure:3729: $? = 0
configure:3761: gcc -E  conftest.c
configure:3762:28: error: ac_nonexistent.h: No such file or directory
configure:3767: $? = 1
configure: failed program was:
| #line 3752 "configure"
| /* confdefs.h.  */
| 
| #define PACKAGE_NAME ""
| #define PACKAGE_TARNAME ""
| #define PACKAGE_VERSION ""
| #define PACKAGE_STRING ""
| #define PACKAGE_BUGREPORT ""
| #define PACKAGE "borZoi"
| #define VERSION "1.0.2"
| /* end confdefs.h.  */
| #include <ac_nonexistent.h>
configure:3805: result: gcc -E
configure:3830: gcc -E  conftest.c
configure:3836: $? = 0
configure:3868: gcc -E  conftest.c
configure:3869:28: error: ac_nonexistent.h: No such file or directory
configure:3874: $? = 1
configure: failed program was:
| #line 3859 "configure"
| /* confdefs.h.  */
| 
| #define PACKAGE_NAME ""
| #define PACKAGE_TARNAME ""
| #define PACKAGE_VERSION ""
| #define PACKAGE_STRING ""
| #define PACKAGE_BUGREPORT ""
| #define PACKAGE "borZoi"
| #define VERSION "1.0.2"
| /* end confdefs.h.  */
| #include <ac_nonexistent.h>
configure:3917: checking for ANSI C header files
configure:3943: gcc -c -g -O2  conftest.c >&5
configure:3946: $? = 0
configure:3949: test -s conftest.o
configure:3952: $? = 0
configure:4044: gcc -o conftest -g -O2   conftest.c  >&5
configure: In function 'main':
configure:4039: warning: incompatible implicit declaration of built-in function 'exit'
configure:4047: $? = 0
configure:4049: ./conftest
configure:4052: $? = 0
configure:4067: result: yes
configure:4091: checking for sys/types.h
configure:4108: gcc -c -g -O2  conftest.c >&5
configure:4111: $? = 0
configure:4114: test -s conftest.o
configure:4117: $? = 0
configure:4128: result: yes
configure:4091: checking for sys/stat.h
configure:4108: gcc -c -g -O2  conftest.c >&5
configure:4111: $? = 0
configure:4114: test -s conftest.o
configure:4117: $? = 0
configure:4128: result: yes
configure:4091: checking for stdlib.h
configure:4108: gcc -c -g -O2  conftest.c >&5
configure:4111: $? = 0
configure:4114: test -s conftest.o
configure:4117: $? = 0
configure:4128: result: yes
configure:4091: checking for string.h
configure:4108: gcc -c -g -O2  conftest.c >&5
configure:4111: $? = 0
configure:4114: test -s conftest.o
configure:4117: $? = 0
configure:4128: result: yes
configure:4091: checking for memory.h
configure:4108: gcc -c -g -O2  conftest.c >&5
configure:4111: $? = 0
configure:4114: test -s conftest.o
configure:4117: $? = 0
configure:4128: result: yes
configure:4091: checking for strings.h
configure:4108: gcc -c -g -O2  conftest.c >&5
configure:4111: $? = 0
configure:4114: test -s conftest.o
configure:4117: $? = 0
configure:4128: result: yes
configure:4091: checking for inttypes.h
configure:4108: gcc -c -g -O2  conftest.c >&5
configure:4111: $? = 0
configure:4114: test -s conftest.o
configure:4117: $? = 0
configure:4128: result: yes
configure:4091: checking for stdint.h
configure:4108: gcc -c -g -O2  conftest.c >&5
configure:4111: $? = 0
configure:4114: test -s conftest.o
configure:4117: $? = 0
configure:4128: result: yes
configure:4091: checking for unistd.h
configure:4108: gcc -c -g -O2  conftest.c >&5
configure:4111: $? = 0
configure:4114: test -s conftest.o
configure:4117: $? = 0
configure:4128: result: yes
configure:4154: checking dlfcn.h usability
configure:4167: gcc -c -g -O2  conftest.c >&5
configure:4170: $? = 0
configure:4173: test -s conftest.o
configure:4176: $? = 0
configure:4186: result: yes
configure:4190: checking dlfcn.h presence
configure:4201: gcc -E  conftest.c
configure:4207: $? = 0
configure:4226: result: yes
configure:4262: checking for dlfcn.h
configure:4269: result: yes
configure:4334: checking for g++
configure:4350: found /usr/bin/g++
configure:4360: result: g++
configure:4376: checking for C++ compiler version
configure:4379: g++ --version </dev/null >&5
g++ (GCC) 4.4.7 20120313 (Red Hat 4.4.7-4)
Copyright (C) 2010 Free Software Foundation, Inc.
This is free software; see the source for copying conditions.  There is NO
warranty; not even for MERCHANTABILITY or FITNESS FOR A PARTICULAR PURPOSE.

configure:4382: $? = 0
configure:4384: g++ -v </dev/null >&5
Using built-in specs.
Target: x86_64-redhat-linux
Configured with: ../configure --prefix=/usr --mandir=/usr/share/man --infodir=/usr/share/info --with-bugurl=http://bugzilla.redhat.com/bugzilla --enable-bootstrap --enable-shared --enable-threads=posix --enable-checking=release --with-system-zlib --enable-__cxa_atexit --disable-libunwind-exceptions --enable-gnu-unique-object --enable-languages=c,c++,objc,obj-c++,java,fortran,ada --enable-java-awt=gtk --disable-dssi --with-java-home=/usr/lib/jvm/java-1.5.0-gcj-1.5.0.0/jre --enable-libgcj-multifile --enable-java-maintainer-mode --with-ecj-jar=/usr/share/java/eclipse-ecj.jar --disable-libjava-multilib --with-ppl --with-cloog --with-tune=generic --with-arch_32=i686 --build=x86_64-redhat-linux
Thread model: posix
gcc version 4.4.7 20120313 (Red Hat 4.4.7-4) (GCC) 
configure:4387: $? = 0
configure:4389: g++ -V </dev/null >&5
g++: '-V' option must have argument
configure:4392: $? = 1
configure:4395: checking whether we are using the GNU C++ compiler
configure:4420: g++ -c   conftest.cc >&5
configure:4423: $? = 0
configure:4426: test -s conftest.o
configure:4429: $? = 0
configure:4442: result: yes
configure:4448: checking whether g++ accepts -g
configure:4470: g++ -c -g  conftest.cc >&5
configure:4473: $? = 0
configure:4476: test -s conftest.o
configure:4479: $? = 0
configure:4490: result: yes
configure:4534: g++ -c -g -O2  conftest.cc >&5
configure:4537: $? = 0
configure:4540: test -s conftest.o
configure:4543: $? = 0
configure:4570: g++ -c -g -O2  conftest.cc >&5
configure: In function 'int main()':
configure:4578: error: 'exit' was not declared in this scope
configure:4573: $? = 1
configure: failed program was:
| #line 4553 "configure"
| /* confdefs.h.  */
| 
| #define PACKAGE_NAME ""
| #define PACKAGE_TARNAME ""
| #define PACKAGE_VERSION ""
| #define PACKAGE_STRING ""
| #define PACKAGE_BUGREPORT ""
| #define PACKAGE "borZoi"
| #define VERSION "1.0.2"
| #define STDC_HEADERS 1
| #define HAVE_SYS_TYPES_H 1
| #define HAVE_SYS_STAT_H 1
| #define HAVE_STDLIB_H 1
| #define HAVE_STRING_H 1
| #define HAVE_MEMORY_H 1
| #define HAVE_STRINGS_H 1
| #define HAVE_INTTYPES_H 1
| #define HAVE_STDINT_H 1
| #define HAVE_UNISTD_H 1
| #define HAVE_DLFCN_H 1
| /* end confdefs.h.  */
| 
| int
| main ()
| {
| exit (42);
|   ;
|   return 0;
| }
configure:4534: g++ -c -g -O2  conftest.cc >&5
configure:4537: $? = 0
configure:4540: test -s conftest.o
configure:4543: $? = 0
configure:4570: g++ -c -g -O2  conftest.cc >&5
configure:4573: $? = 0
configure:4576: test -s conftest.o
configure:4579: $? = 0
configure:4604: checking dependency style of g++
configure:4687: result: gcc3
configure:4709: checking how to run the C++ preprocessor
configure:4741: g++ -E  conftest.cc
configure:4747: $? = 0
configure:4779: g++ -E  conftest.cc
configure:4794:28: error: ac_nonexistent.h: No such file or directory
configure:4785: $? = 1
configure: failed program was:
| #line 4770 "configure"
| /* confdefs.h.  */
| 
| #define PACKAGE_NAME ""
| #define PACKAGE_TARNAME ""
| #define PACKAGE_VERSION ""
| #define PACKAGE_STRING ""
| #define PACKAGE_BUGREPORT ""
| #define PACKAGE "borZoi"
| #define VERSION "1.0.2"
| #define STDC_HEADERS 1
| #define HAVE_SYS_TYPES_H 1
| #define HAVE_SYS_STAT_H 1
| #define HAVE_STDLIB_H 1
| #define HAVE_STRING_H 1
| #define HAVE_MEMORY_H 1
| #define HAVE_STRINGS_H 1
| #define HAVE_INTTYPES_H 1
| #define HAVE_STDINT_H 1
| #define HAVE_UNISTD_H 1
| #define HAVE_DLFCN_H 1
| #ifdef __cplusplus
| #include <stdlib.h>
| #endif
| /* end confdefs.h.  */
| #include <ac_nonexistent.h>
configure:4823: result: g++ -E
configure:4848: g++ -E  conftest.cc
configure:4854: $? = 0
configure:4886: g++ -E  conftest.cc
configure:4901:28: error: ac_nonexistent.h: No such file or directory
configure:4892: $? = 1
configure: failed program was:
| #line 4877 "configure"
| /* confdefs.h.  */
| 
| #define PACKAGE_NAME ""
| #define PACKAGE_TARNAME ""
| #define PACKAGE_VERSION ""
| #define PACKAGE_STRING ""
| #define PACKAGE_BUGREPORT ""
| #define PACKAGE "borZoi"
| #define VERSION "1.0.2"
| #define STDC_HEADERS 1
| #define HAVE_SYS_TYPES_H 1
| #define HAVE_SYS_STAT_H 1
| #define HAVE_STDLIB_H 1
| #define HAVE_STRING_H 1
| #define HAVE_MEMORY_H 1
| #define HAVE_STRINGS_H 1
| #define HAVE_INTTYPES_H 1
| #define HAVE_STDINT_H 1
| #define HAVE_UNISTD_H 1
| #define HAVE_DLFCN_H 1
| #ifdef __cplusplus
| #include <stdlib.h>
| #endif
| /* end confdefs.h.  */
| #include <ac_nonexistent.h>
configure:4986: checking for g77
configure:5015: result: no
configure:4986: checking for f77
configure:5015: result: no
configure:4986: checking for xlf
configure:5015: result: no
configure:4986: checking for frt
configure:5015: result: no
configure:4986: checking for pgf77
configure:5015: result: no
configure:4986: checking for fl32
configure:5015: result: no
configure:4986: checking for af77
configure:5015: result: no
configure:4986: checking for fort77
configure:5015: result: no
configure:4986: checking for f90
configure:5015: result: no
configure:4986: checking for xlf90
configure:5015: result: no
configure:4986: checking for pgf90
configure:5015: result: no
configure:4986: checking for epcf90
configure:5015: result: no
configure:4986: checking for f95
configure:5002: found /usr/bin/f95
configure:5012: result: f95
configure:5027: checking for Fortran 77 compiler version
configure:5030: f95 --version </dev/null >&5
GNU Fortran (GCC) 4.4.7 20120313 (Red Hat 4.4.7-4)
Copyright (C) 2010 Free Software Foundation, Inc.

GNU Fortran comes with NO WARRANTY, to the extent permitted by law.
You may redistribute copies of GNU Fortran
under the terms of the GNU General Public License.
For more information about these matters, see the file named COPYING

configure:5033: $? = 0
configure:5035: f95 -v </dev/null >&5
Using built-in specs.
Target: x86_64-redhat-linux
Configured with: ../configure --prefix=/usr --mandir=/usr/share/man --infodir=/usr/share/info --with-bugurl=http://bugzilla.redhat.com/bugzilla --enable-bootstrap --enable-shared --enable-threads=posix --enable-checking=release --with-system-zlib --enable-__cxa_atexit --disable-libunwind-exceptions --enable-gnu-unique-object --enable-languages=c,c++,objc,obj-c++,java,fortran,ada --enable-java-awt=gtk --disable-dssi --with-java-home=/usr/lib/jvm/java-1.5.0-gcj-1.5.0.0/jre --enable-libgcj-multifile --enable-java-maintainer-mode --with-ecj-jar=/usr/share/java/eclipse-ecj.jar --disable-libjava-multilib --with-ppl --with-cloog --with-tune=generic --with-arch_32=i686 --build=x86_64-redhat-linux
Thread model: posix
gcc version 4.4.7 20120313 (Red Hat 4.4.7-4) (GCC) 
configure:5038: $? = 0
configure:5040: f95 -V </dev/null >&5
f95: '-V' option must have argument
configure:5043: $? = 1
configure:5050: checking whether we are using the GNU Fortran 77 compiler
configure:5064: f95 -c  conftest.F >&5
configure:5067: $? = 0
configure:5070: test -s conftest.o
configure:5073: $? = 0
configure:5086: result: yes
configure:5093: checking whether f95 accepts -g
configure:5105: f95 -c -g conftest.f >&5
configure:5108: $? = 0
configure:5111: test -s conftest.o
configure:5114: $? = 0
configure:5126: result: yes
configure:5154: checking the maximum length of command line arguments
configure:5213: result: 32768
configure:5224: checking command to parse /usr/bin/nm -B output from gcc object
configure:5313: gcc -c -g -O2  conftest.c >&5
configure:5316: $? = 0
configure:5320: /usr/bin/nm -B conftest.o \| sed -n -e 's/^.*[ 	]\([ABCDGISTW][ABCDGISTW]*\)[ 	][ 	]*\(\)\([_A-Za-z][_A-Za-z0-9]*\)$/\1 \2\3 \3/p' \> conftest.nm
configure:5323: $? = 0
configure:5375: gcc -o conftest -g -O2   conftest.c conftstm.o >&5
configure:5378: $? = 0
configure:5416: result: ok
configure:5420: checking for objdir
configure:5435: result: .libs
configure:5525: checking for ar
configure:5541: found /usr/bin/ar
configure:5552: result: ar
configure:5605: checking for ranlib
configure:5621: found /usr/bin/ranlib
configure:5632: result: ranlib
configure:5685: checking for strip
configure:5701: found /usr/bin/strip
configure:5712: result: strip
configure:5766: checking for file
configure:5819: result: /usr/bin/file
configure:5974: checking if gcc static flag  works
configure:5997: result: yes
configure:6014: checking if gcc supports -fno-rtti -fno-exceptions
configure:6032: gcc -c -g -O2  -fno-rtti -fno-exceptions conftest.c >&5
cc1: warning: command line option "-fno-rtti" is valid for C++/ObjC++ but not for C
configure:6036: $? = 0
configure:6047: result: no
configure:6062: checking for gcc option to produce PIC
configure:6239: result: -fPIC
configure:6246: checking if gcc PIC flag -fPIC works
configure:6264: gcc -c -g -O2  -fPIC -DPIC conftest.c >&5
configure:6268: $? = 0
configure:6279: result: yes
configure:6303: checking if gcc supports -c -o file.o
configure:6331: gcc -c -g -O2  -o out/conftest2.o conftest.c >&5
configure:6335: $? = 0
configure:6352: result: yes
configure:6378: checking whether the gcc linker (/usr/bin/ld -m elf_x86_64) supports shared libraries
configure:7172: result: yes
configure:7198: checking whether -lc should be explicitly linked in
configure:7203: gcc -c -g -O2  conftest.c >&5
configure:7206: $? = 0
configure:7220: gcc -shared conftest.o  -v -Wl,-soname -Wl,conftest -o conftest 2\>\&1 \| grep  -lc  \>/dev/null 2\>\&1
configure:7223: $? = 0
configure:7235: result: no
configure:7243: checking how to hardcode library paths into programs
configure:7268: result: immediate
configure:7282: checking whether stripping libraries is possible
configure:7287: result: yes
configure:7309: checking dynamic linker characteristics
configure:7820: result: GNU/Linux ld.so
configure:8546: checking if libtool supports shared libraries
configure:8548: result: yes
configure:8551: checking whether to build shared libraries
configure:8600: result: yes
configure:8603: checking whether to build static libraries
configure:8607: result: yes
configure:8698: creating libtool
configure:9242: checking for ld used by g++
configure:9309: result: /usr/bin/ld -m elf_x86_64
configure:9318: checking if the linker (/usr/bin/ld -m elf_x86_64) is GNU ld
configure:9333: result: no
configure:9384: checking whether the g++ linker (/usr/bin/ld -m elf_x86_64) supports shared libraries
configure:10179: result: yes
configure:10197: g++ -c -g -O2  conftest.cc >&5
configure:10200: $? = 0
configure:10296: checking for g++ option to produce PIC
configure:10548: result: -fPIC
configure:10555: checking if g++ PIC flag -fPIC works
configure:10573: g++ -c -g -O2  -fPIC -DPIC conftest.cc >&5
configure:10577: $? = 0
configure:10588: result: yes
configure:10612: checking if g++ supports -c -o file.o
configure:10640: g++ -c -g -O2  -o out/conftest2.o conftest.cc >&5
configure:10644: $? = 0
configure:10661: result: yes
configure:10687: checking whether the g++ linker (/usr/bin/ld -m elf_x86_64) supports shared libraries
configure:10712: result: yes
configure:10783: checking how to hardcode library paths into programs
configure:10808: result: immediate
configure:10822: checking whether stripping libraries is possible
configure:10827: result: yes
configure:10849: checking dynamic linker characteristics
configure:11360: result: GNU/Linux ld.so
configure:12559: checking if libtool supports shared libraries
configure:12561: result: yes
configure:12564: checking whether to build shared libraries
configure:12582: result: yes
configure:12585: checking whether to build static libraries
configure:12589: result: yes
configure:12601: checking for f95 option to produce PIC
configure:12778: result: -fPIC
configure:12785: checking if f95 PIC flag -fPIC works
configure:12803: f95 -c -g -O2 -fPIC conftest.f >&5
configure:12807: $? = 0
configure:12818: result: yes
configure:12842: checking if f95 supports -c -o file.o
configure:12870: f95 -c -g -O2 -o out/conftest2.o conftest.f >&5
configure:12874: $? = 0
configure:12891: result: yes
configure:12917: checking whether the f95 linker (/usr/bin/ld -m elf_x86_64) supports shared libraries
configure:13689: result: yes
configure:13760: checking how to hardcode library paths into programs
configure:13785: result: immediate
configure:13799: checking whether stripping libraries is possible
configure:13804: result: yes
configure:13826: checking dynamic linker characteristics
configure:14337: result: GNU/Linux ld.so
configure:18240: checking for a BSD-compatible install
configure:18294: result: /usr/bin/install -c
configure:18351: checking for gcc
configure:18377: result: gcc
configure:18621: checking for C compiler version
configure:18624: gcc --version </dev/null >&5
gcc (GCC) 4.4.7 20120313 (Red Hat 4.4.7-4)
Copyright (C) 2010 Free Software Foundation, Inc.
This is free software; see the source for copying conditions.  There is NO
warranty; not even for MERCHANTABILITY or FITNESS FOR A PARTICULAR PURPOSE.

configure:18627: $? = 0
configure:18629: gcc -v </dev/null >&5
Using built-in specs.
Target: x86_64-redhat-linux
Configured with: ../configure --prefix=/usr --mandir=/usr/share/man --infodir=/usr/share/info --with-bugurl=http://bugzilla.redhat.com/bugzilla --enable-bootstrap --enable-shared --enable-threads=posix --enable-checking=release --with-system-zlib --enable-__cxa_atexit --disable-libunwind-exceptions --enable-gnu-unique-object --enable-languages=c,c++,objc,obj-c++,java,fortran,ada --enable-java-awt=gtk --disable-dssi --with-java-home=/usr/lib/jvm/java-1.5.0-gcj-1.5.0.0/jre --enable-libgcj-multifile --enable-java-maintainer-mode --with-ecj-jar=/usr/share/java/eclipse-ecj.jar --disable-libjava-multilib --with-ppl --with-cloog --with-tune=generic --with-arch_32=i686 --build=x86_64-redhat-linux
Thread model: posix
gcc version 4.4.7 20120313 (Red Hat 4.4.7-4) (GCC) 
configure:18632: $? = 0
configure:18634: gcc -V </dev/null >&5
gcc: '-V' option must have argument
configure:18637: $? = 1
configure:18640: checking whether we are using the GNU C compiler
configure:18687: result: yes
configure:18693: checking whether gcc accepts -g
configure:18735: result: yes
configure:18752: checking for gcc option to accept ANSI C
configure:18840: result: none needed
configure:18858: gcc -c -g -O2  conftest.c >&5
conftest.c:2: error: expected '=', ',', ';', 'asm' or '__attribute__' before 'me'
configure:18861: $? = 1
configure: failed program was:
| #ifndef __cplusplus
|   choke me
| #endif
configure:18972: checking dependency style of gcc
configure:19055: result: gcc3
configure:19166: checking for C++ compiler version
configure:19169: g++ --version </dev/null >&5
g++ (GCC) 4.4.7 20120313 (Red Hat 4.4.7-4)
Copyright (C) 2010 Free Software Foundation, Inc.
This is free software; see the source for copying conditions.  There is NO
warranty; not even for MERCHANTABILITY or FITNESS FOR A PARTICULAR PURPOSE.

configure:19172: $? = 0
configure:19174: g++ -v </dev/null >&5
Using built-in specs.
Target: x86_64-redhat-linux
Configured with: ../configure --prefix=/usr --mandir=/usr/share/man --infodir=/usr/share/info --with-bugurl=http://bugzilla.redhat.com/bugzilla --enable-bootstrap --enable-shared --enable-threads=posix --enable-checking=release --with-system-zlib --enable-__cxa_atexit --disable-libunwind-exceptions --enable-gnu-unique-object --enable-languages=c,c++,objc,obj-c++,java,fortran,ada --enable-java-awt=gtk --disable-dssi --with-java-home=/usr/lib/jvm/java-1.5.0-gcj-1.5.0.0/jre --enable-libgcj-multifile --enable-java-maintainer-mode --with-ecj-jar=/usr/share/java/eclipse-ecj.jar --disable-libjava-multilib --with-ppl --with-cloog --with-tune=generic --with-arch_32=i686 --build=x86_64-redhat-linux
Thread model: posix
gcc version 4.4.7 20120313 (Red Hat 4.4.7-4) (GCC) 
configure:19177: $? = 0
configure:19179: g++ -V </dev/null >&5
g++: '-V' option must have argument
configure:19182: $? = 1
configure:19185: checking whether we are using the GNU C++ compiler
configure:19232: result: yes
configure:19238: checking whether g++ accepts -g
configure:19280: result: yes
configure:19324: g++ -c -g -O2  conftest.cc >&5
configure:19327: $? = 0
configure:19330: test -s conftest.o
configure:19333: $? = 0
configure:19360: g++ -c -g -O2  conftest.cc >&5
configure:19363: $? = 0
configure:19366: test -s conftest.o
configure:19369: $? = 0
configure:19394: checking dependency style of g++
configure:19477: result: gcc3
configure:19533: checking for ANSI C header files
configure:19683: result: yes
configure:19863: creating ./config.status

## ---------------------- ##
## Running config.status. ##
## ---------------------- ##

This file was extended by config.status, which was
generated by GNU Autoconf 2.57.  Invocation command line was

  CONFIG_FILES    = 
  CONFIG_HEADERS  = 
  CONFIG_LINKS    = 
  CONFIG_COMMANDS = 
  $ ./config.status 

on gfs-s1.localdomain

config.status:677: creating Makefile
config.status:677: creating docs/Makefile
config.status:677: creating src/Makefile
config.status:802: executing depfiles commands

## ---------------- ##
## Cache variables. ##
## ---------------- ##

ac_cv_build=x86_64-unknown-linux-gnu
ac_cv_build_alias=x86_64-unknown-linux-gnu
ac_cv_c_compiler_gnu=yes
ac_cv_cxx_compiler_gnu=yes
ac_cv_env_CC_set=
ac_cv_env_CC_value=
ac_cv_env_CFLAGS_set=
ac_cv_env_CFLAGS_value=
ac_cv_env_CPPFLAGS_set=
ac_cv_env_CPPFLAGS_value=
ac_cv_env_CPP_set=
ac_cv_env_CPP_value=
ac_cv_env_CXXCPP_set=
ac_cv_env_CXXCPP_value=
ac_cv_env_CXXFLAGS_set=
ac_cv_env_CXXFLAGS_value=
ac_cv_env_CXX_set=
ac_cv_env_CXX_value=
ac_cv_env_F77_set=
ac_cv_env_F77_value=
ac_cv_env_FFLAGS_set=
ac_cv_env_FFLAGS_value=
ac_cv_env_LDFLAGS_set=
ac_cv_env_LDFLAGS_value=
ac_cv_env_build_alias_set=
ac_cv_env_build_alias_value=
ac_cv_env_host_alias_set=
ac_cv_env_host_alias_value=
ac_cv_env_target_alias_set=
ac_cv_env_target_alias_value=
ac_cv_exeext=
ac_cv_f77_compiler_gnu=yes
ac_cv_header_dlfcn_h=yes
ac_cv_header_inttypes_h=yes
ac_cv_header_memory_h=yes
ac_cv_header_stdc=yes
ac_cv_header_stdint_h=yes
ac_cv_header_stdlib_h=yes
ac_cv_header_string_h=yes
ac_cv_header_strings_h=yes
ac_cv_header_sys_stat_h=yes
ac_cv_header_sys_types_h=yes
ac_cv_header_unistd_h=yes
ac_cv_host=x86_64-unknown-linux-gnu
ac_cv_host_alias=x86_64-unknown-linux-gnu
ac_cv_objext=o
ac_cv_path_install='/usr/bin/install -c'
ac_cv_prog_AWK=gawk
ac_cv_prog_CPP='gcc -E'
ac_cv_prog_CXXCPP='g++ -E'
ac_cv_prog_ac_ct_AR=ar
ac_cv_prog_ac_ct_CC=gcc
ac_cv_prog_ac_ct_CXX=g++
ac_cv_prog_ac_ct_F77=f95
ac_cv_prog_ac_ct_RANLIB=ranlib
ac_cv_prog_ac_ct_STRIP=strip
ac_cv_prog_cc_g=yes
ac_cv_prog_cc_stdc=
ac_cv_prog_cxx_g=yes
ac_cv_prog_egrep='grep -E'
ac_cv_prog_f77_g=yes
ac_cv_prog_make_make_set=yes
am_cv_CC_dependencies_compiler_type=gcc3
am_cv_CXX_dependencies_compiler_type=gcc3
lt_cv_deplibs_check_method='file_magic ELF [0-9][0-9]*-bit [LM]SB (shared object|dynamic lib )'
lt_cv_file_magic_cmd='$MAGIC_CMD'
lt_cv_file_magic_test_file='/lib/libc.so.6 /lib/libc-2.12.so'
lt_cv_ld_reload_flag=-r
lt_cv_objdir=.libs
lt_cv_path_LD=/usr/bin/ld
lt_cv_path_LDCXX='/usr/bin/ld -m elf_x86_64'
lt_cv_path_MAGIC_CMD=/usr/bin/file
lt_cv_path_NM='/usr/bin/nm -B'
lt_cv_path_SED=/bin/sed
lt_cv_prog_compiler_c_o=yes
lt_cv_prog_compiler_c_o_CXX=yes
lt_cv_prog_compiler_c_o_F77=yes
lt_cv_prog_compiler_rtti_exceptions=no
lt_cv_prog_gnu_ld=yes
lt_cv_prog_gnu_ldcxx=no
lt_cv_sys_global_symbol_pipe='sed -n -e '\''s/^.*[ 	]\([ABCDGISTW][ABCDGISTW]*\)[ 	][ 	]*\(\)\([_A-Za-z][_A-Za-z0-9]*\)$/\1 \2\3 \3/p'\'''
lt_cv_sys_global_symbol_to_c_name_address='sed -n -e '\''s/^: \([^ ]*\) $/  {\"\1\", (lt_ptr) 0},/p'\'' -e '\''s/^[BCDEGRST] \([^ ]*\) \([^ ]*\)$/  {"\2", (lt_ptr) \&\2},/p'\'''
lt_cv_sys_global_symbol_to_cdecl='sed -n -e '\''s/^. .* \(.*\)$/extern int \1;/p'\'''
lt_cv_sys_max_cmd_len=32768
lt_lt_cv_prog_compiler_c_o='"yes"'
lt_lt_cv_prog_compiler_c_o_CXX='"yes"'
lt_lt_cv_prog_compiler_c_o_F77='"yes"'
lt_lt_cv_sys_global_symbol_pipe='"sed -n -e '\''s/^.*[ 	]\\([ABCDGISTW][ABCDGISTW]*\\)[ 	][ 	]*\\(\\)\\([_A-Za-z][_A-Za-z0-9]*\\)\$/\\1 \\2\\3 \\3/p'\''"'
lt_lt_cv_sys_global_symbol_to_c_name_address='"sed -n -e '\''s/^: \\([^ ]*\\) \$/  {\\\"\\1\\\", (lt_ptr) 0},/p'\'' -e '\''s/^[BCDEGRST] \\([^ ]*\\) \\([^ ]*\\)\$/  {\"\\2\", (lt_ptr) \\&\\2},/p'\''"'
lt_lt_cv_sys_global_symbol_to_cdecl='"sed -n -e '\''s/^. .* \\(.*\\)\$/extern int \\1;/p'\''"'

## ----------------- ##
## Output variables. ##
## ----------------- ##

ACLOCAL='aclocal-1.7'
AMDEPBACKSLASH='\'
AMDEP_FALSE='#'
AMDEP_TRUE=''
AMTAR='tar'
AR='ar'
AUTOCONF='autoconf'
AUTOHEADER='autoheader'
AUTOMAKE='automake-1.7'
AWK='gawk'
BORZOI_DEPENDENCIES=' math_mpi.lo mpi.lo'
BORZOI_LIBS='../src/libborzoi.la'
BORZOI_SOURCES=' math_mpi.cpp mpi.c mpi.h'
CC='gcc'
CCDEPMODE='depmode=gcc3'
CFLAGS='-g -O2 -Wall -pedantic -DUSE_MPI'
CPP='gcc -E'
CPPFLAGS=''
CXX='g++'
CXXCPP='g++ -E'
CXXDEPMODE='depmode=gcc3'
CXXFLAGS='-g -O2 -DUSE_MPI'
CYGPATH_W='echo'
DEFS='-DPACKAGE_NAME=\"\" -DPACKAGE_TARNAME=\"\" -DPACKAGE_VERSION=\"\" -DPACKAGE_STRING=\"\" -DPACKAGE_BUGREPORT=\"\" -DPACKAGE=\"borZoi\" -DVERSION=\"1.0.2\" -DSTDC_HEADERS=1 -DHAVE_SYS_TYPES_H=1 -DHAVE_SYS_STAT_H=1 -DHAVE_STDLIB_H=1 -DHAVE_STRING_H=1 -DHAVE_MEMORY_H=1 -DHAVE_STRINGS_H=1 -DHAVE_INTTYPES_H=1 -DHAVE_STDINT_H=1 -DHAVE_UNISTD_H=1 -DHAVE_DLFCN_H=1 -DSTDC_HEADERS=1 '
DEPDIR='.deps'
ECHO='echo'
ECHO_C=''
ECHO_N='-n'
ECHO_T=''
EGREP='grep -E'
EXEEXT=''
F77='f95'
FFLAGS='-g -O2'
INSTALL_DATA='${INSTALL} -m 644'
INSTALL_PROGRAM='${INSTALL}'
INSTALL_SCRIPT='${INSTALL}'
INSTALL_STRIP_PROGRAM='${SHELL} $(install_sh) -c -s'
ISODATE='2015-03-11'
LDFLAGS=''
LIBOBJS=''
LIBS=''
LIBTOOL='$(SHELL) $(top_builddir)/libtool'
LN_S='ln -s'
LTLIBOBJS=''
MAKEINFO='makeinfo'
OBJEXT='o'
PACKAGE='borZoi'
PACKAGE_BUGREPORT=''
PACKAGE_NAME=''
PACKAGE_STRING=''
PACKAGE_TARNAME=''
PACKAGE_VERSION=''
PATH_SEPARATOR=':'
RANLIB='ranlib'
SET_MAKE=''
SHELL='/bin/sh'
STRIP='strip'
USE_NTL_FALSE=''
USE_NTL_TRUE='#'
VERSION='1.0.2'
ac_ct_AR='ar'
ac_ct_CC='gcc'
ac_ct_CXX='g++'
ac_ct_F77='f95'
ac_ct_RANLIB='ranlib'
ac_ct_STRIP='strip'
am__fastdepCC_FALSE='#'
am__fastdepCC_TRUE=''
am__fastdepCXX_FALSE='#'
am__fastdepCXX_TRUE=''
am__include='include'
am__leading_dot='.'
am__quote=''
bindir='${exec_prefix}/bin'
build='x86_64-unknown-linux-gnu'
build_alias=''
build_cpu='x86_64'
build_os='linux-gnu'
build_vendor='unknown'
datadir='${prefix}/share'
exec_prefix='${prefix}'
host='x86_64-unknown-linux-gnu'
host_alias=''
host_cpu='x86_64'
host_os='linux-gnu'
host_vendor='unknown'
includedir='${prefix}/include'
infodir='${prefix}/info'
install_sh='/root/work/dicom/src/contrib/borZoi-1.0.2/install-sh'
libdir='${exec_prefix}/lib'
libexecdir='${exec_prefix}/libexec'
localstatedir='${prefix}/var'
mandir='${prefix}/man'
oldincludedir='/usr/include'
prefix='/usr/local'
program_transform_name='s,x,x,'
sbindir='${exec_prefix}/sbin'
sharedstatedir='${prefix}/com'
sysconfdir='${prefix}/etc'
target_alias=''

## ----------- ##
## confdefs.h. ##
## ----------- ##

#define HAVE_DLFCN_H 1
#define HAVE_INTTYPES_H 1
#define HAVE_MEMORY_H 1
#define HAVE_STDINT_H 1
#define HAVE_STDLIB_H 1
#define HAVE_STRINGS_H 1
#define HAVE_STRING_H 1
#define HAVE_SYS_STAT_H 1
#define HAVE_SYS_TYPES_H 1
#define HAVE_UNISTD_H 1
#define PACKAGE "borZoi"
#define PACKAGE_BUGREPORT ""
#define PACKAGE_NAME ""
#define PACKAGE_STRING ""
#define PACKAGE_TARNAME ""
#define PACKAGE_VERSION ""
#define STDC_HEADERS 1
#define STDC_HEADERS 1
#define VERSION "1.0.2"
#endif
#ifdef __cplusplus
#include <stdlib.h>

configure: exit 0
